das
das
da loi
undefined
das
das
da loi
undefined
asdd
[0mGET / [36m304 [0m15.100 ms - -[0m
[0mGET /favicon.ico [33m404 [0m929.151 ms - 1312[0m
asdd
[0mGET / [36m304 [0m2.268 ms - -[0m
asdd
[0mGET / [36m304 [0m2.059 ms - -[0m
asdd
[0mGET / [36m304 [0m0.965 ms - -[0m
asdd
[0mGET / [36m304 [0m0.845 ms - -[0m
asdd
[0mGET / [36m304 [0m1.370 ms - -[0m
asdd
[0mGET / [36m304 [0m0.950 ms - -[0m
asdd
[0mGET / [36m304 [0m0.930 ms - -[0m
asdd
[0mGET / [36m304 [0m0.745 ms - -[0m
asdd
[0mGET / [36m304 [0m0.919 ms - -[0m
da vao www
das
das
da loi
undefined
da vao www
das
das
da loi
undefined
[0mGET / [32m200 [0m2019.890 ms - 6[0m
das
das
da vao www
da loi
undefined
das
das
da vao www
da loi
undefined
das
das
da vao www
da loi
undefined
das
das
da vao www
da loi
undefined
das
das
da vao www
da loi
undefined
das
das
da vao www
da loi
undefined
das
das
da vao www
da loi
undefined
das
das
da vao www
da loi
undefined
das
das
da vao www
da loi
undefined
das
das
da vao www
da loi
undefined
hhhasdas
[0mGET /getdata [32m200 [0m2021.849 ms - 113[0m
hhhasdas
da vao www
[0mGET /getdata [32m200 [0m184.375 ms - 640[0m
[0mGET /getdata [36m304 [0m5.614 ms - -[0m
[0mGET /getdata [36m304 [0m47.588 ms - -[0m
[0mGET /getdata [36m304 [0m2.798 ms - -[0m
[0mGET /getdata [36m304 [0m4.400 ms - -[0m
[0mGET /getdata [36m304 [0m4.097 ms - -[0m
[0mGET /getdata [36m304 [0m2.928 ms - -[0m
[0mGET /getdata [36m304 [0m2.958 ms - -[0m
[0mGET /getdata [36m304 [0m5.620 ms - -[0m
[0mGET /getdata [36m304 [0m3.070 ms - -[0m
[0mGET /getdata [36m304 [0m3.883 ms - -[0m
[0mGET /getdata [36m304 [0m2.332 ms - -[0m
